Not searching for unused variables given on the command line.
CMake Deprecation Warning at CMakeLists.txt:1 (cmake_minimum_required):
  Compatibility with CMake < 2.8.12 will be removed from a future version of
  CMake.

  Update the VERSION argument <min> value or use a ...<max> suffix to tell
  CMake that the project does not need compatibility with older versions.


[36m--[0m The C compiler identification is GNU 7.5.0
[36m--[0m The CXX compiler identification is GNU 7.5.0
[36m--[0m Detecting C compiler ABI info
[36m--[0m Detecting C compiler ABI info - done
[36m--[0m Check for working C compiler: /usr/bin/cc - skipped
[36m--[0m Detecting C compile features
[36m--[0m Detecting C compile features - done
[36m--[0m Detecting CXX compiler ABI info
[36m--[0m Detecting CXX compiler ABI info - done
[36m--[0m Check for working CXX compiler: /usr/bin/c++ - skipped
[36m--[0m Detecting CXX compile features
[36m--[0m Detecting CXX compile features - done
[36m--[0m Using CATKIN_DEVEL_PREFIX: /home/tumu/anaconda3/envs/stableBaselines/panda-gym/panda_gym/envs/catkin_ws/devel
[36m--[0m Using CMAKE_PREFIX_PATH: /home/tumu/anaconda3/envs/stableBaselines/panda-gym/panda_gym/envs/catkin_ws/devel;/opt/ros/melodic
[36m--[0m This workspace overlays: /home/tumu/anaconda3/envs/stableBaselines/panda-gym/panda_gym/envs/catkin_ws/devel;/opt/ros/melodic
[36m--[0m Found PythonInterp: /home/tumu/anaconda3/envs/stableBaselines/bin/python (found suitable version "3.8.15", minimum required is "3")
[36m--[0m Using PYTHON_EXECUTABLE: /home/tumu/anaconda3/envs/stableBaselines/bin/python
[36m--[0m Using Debian Python package layout
[36m--[0m Using empy: /usr/bin/empy
[36m--[0m Using CATKIN_ENABLE_TESTING: ON
[36m--[0m Call enable_testing()
[36m--[0m Using CATKIN_TEST_RESULTS_DIR: /home/tumu/anaconda3/envs/stableBaselines/panda-gym/panda_gym/envs/catkin_ws/build/trac_ik_python/test_results
[36m--[0m Found gtest sources under '/usr/src/googletest': gtests will be built
[36m--[0m Found gmock sources under '/usr/src/googletest': gmock will be built
CMake Deprecation Warning at /usr/src/googletest/CMakeLists.txt:1 (cmake_minimum_required):
  Compatibility with CMake < 2.8.12 will be removed from a future version of
  CMake.

  Update the VERSION argument <min> value or use a ...<max> suffix to tell
  CMake that the project does not need compatibility with older versions.


CMake Deprecation Warning at /usr/src/googletest/googlemock/CMakeLists.txt:41 (cmake_minimum_required):
  Compatibility with CMake < 2.8.12 will be removed from a future version of
  CMake.

  Update the VERSION argument <min> value or use a ...<max> suffix to tell
  CMake that the project does not need compatibility with older versions.


CMake Deprecation Warning at /usr/src/googletest/googletest/CMakeLists.txt:48 (cmake_minimum_required):
  Compatibility with CMake < 2.8.12 will be removed from a future version of
  CMake.

  Update the VERSION argument <min> value or use a ...<max> suffix to tell
  CMake that the project does not need compatibility with older versions.


[36m--[0m Found PythonInterp: /home/tumu/anaconda3/envs/stableBaselines/bin/python (found version "3.8.15")
[36m--[0m Looking for pthread.h
[36m--[0m Looking for pthread.h - found
[36m--[0m Performing Test CMAKE_HAVE_LIBC_PTHREAD
[36m--[0m Performing Test CMAKE_HAVE_LIBC_PTHREAD - Failed
[36m--[0m Looking for pthread_create in pthreads
[36m--[0m Looking for pthread_create in pthreads - not found
[36m--[0m Looking for pthread_create in pthread
[36m--[0m Looking for pthread_create in pthread - found
[36m--[0m Found Threads: TRUE
[36m--[0m Using Python nosetests: /usr/bin/nosetests3
[36m--[0m catkin 0.7.29
[36m--[0m BUILD_SHARED_LIBS is on
[36m--[0m Found SWIG: /usr/bin/swig3.0 (found version "3.0.12")
[36m--[0m Found PythonLibs: /home/tumu/anaconda3/envs/stableBaselines/lib/libpython3.8.so (found version "3.8.15")
CMake Deprecation Warning at /usr/local/share/cmake-3.20/Modules/UseSWIG.cmake:709 (message):
  SWIG_ADD_MODULE is deprecated.  Use SWIG_ADD_LIBRARY instead.
[36mCall Stack (most recent call first):[0m
  CMakeLists.txt:61 (SWIG_ADD_MODULE)


CMake Warning (dev) at /usr/local/share/cmake-3.20/Modules/UseSWIG.cmake:750 (message):
  Policy CMP0078 is not set: UseSWIG generates standard target names.  Run
  "cmake --help-policy CMP0078" for policy details.  Use the cmake_policy
  command to set the policy and suppress this warning.

[36mCall Stack (most recent call first):[0m
  /usr/local/share/cmake-3.20/Modules/UseSWIG.cmake:710 (swig_add_library)
  CMakeLists.txt:61 (SWIG_ADD_MODULE)
This warning is for project developers.  Use -Wno-dev to suppress it.

CMake Warning (dev) at /usr/local/share/cmake-3.20/Modules/UseSWIG.cmake:592 (message):
  Policy CMP0086 is not set: UseSWIG honors SWIG_MODULE_NAME via -module
  flag.  Run "cmake --help-policy CMP0086" for policy details.  Use the
  cmake_policy command to set the policy and suppress this warning.

[36mCall Stack (most recent call first):[0m
  /usr/local/share/cmake-3.20/Modules/UseSWIG.cmake:862 (SWIG_ADD_SOURCE_TO_MODULE)
  /usr/local/share/cmake-3.20/Modules/UseSWIG.cmake:710 (swig_add_library)
  CMakeLists.txt:61 (SWIG_ADD_MODULE)
This warning is for project developers.  Use -Wno-dev to suppress it.

[36m--[0m Configuring done
[36m--[0m Generating done
[36m--[0m Build files have been written to: /home/tumu/anaconda3/envs/stableBaselines/panda-gym/panda_gym/envs/catkin_ws/build/trac_ik_python
