CMake Deprecation Warning at CMakeLists.txt:1 (cmake_minimum_required):
  Compatibility with CMake < 2.8.12 will be removed from a future version of
  CMake.

  Update the VERSION argument <min> value or use a ...<max> suffix to tell
  CMake that the project does not need compatibility with older versions.


CMake Deprecation Warning at /usr/src/googletest/CMakeLists.txt:1 (cmake_minimum_required):
  Compatibility with CMake < 2.8.12 will be removed from a future version of
  CMake.

  Update the VERSION argument <min> value or use a ...<max> suffix to tell
  CMake that the project does not need compatibility with older versions.


CMake Deprecation Warning at /usr/src/googletest/googlemock/CMakeLists.txt:41 (cmake_minimum_required):
  Compatibility with CMake < 2.8.12 will be removed from a future version of
  CMake.

  Update the VERSION argument <min> value or use a ...<max> suffix to tell
  CMake that the project does not need compatibility with older versions.


CMake Deprecation Warning at /usr/src/googletest/googletest/CMakeLists.txt:48 (cmake_minimum_required):
  Compatibility with CMake < 2.8.12 will be removed from a future version of
  CMake.

  Update the VERSION argument <min> value or use a ...<max> suffix to tell
  CMake that the project does not need compatibility with older versions.


CMake Deprecation Warning at /usr/local/share/cmake-3.20/Modules/UseSWIG.cmake:709 (message):
  SWIG_ADD_MODULE is deprecated.  Use SWIG_ADD_LIBRARY instead.
[36mCall Stack (most recent call first):[0m
  CMakeLists.txt:61 (SWIG_ADD_MODULE)


CMake Warning (dev) at /usr/local/share/cmake-3.20/Modules/UseSWIG.cmake:750 (message):
  Policy CMP0078 is not set: UseSWIG generates standard target names.  Run
  "cmake --help-policy CMP0078" for policy details.  Use the cmake_policy
  command to set the policy and suppress this warning.

[36mCall Stack (most recent call first):[0m
  /usr/local/share/cmake-3.20/Modules/UseSWIG.cmake:710 (swig_add_library)
  CMakeLists.txt:61 (SWIG_ADD_MODULE)
This warning is for project developers.  Use -Wno-dev to suppress it.

CMake Warning (dev) at /usr/local/share/cmake-3.20/Modules/UseSWIG.cmake:592 (message):
  Policy CMP0086 is not set: UseSWIG honors SWIG_MODULE_NAME via -module
  flag.  Run "cmake --help-policy CMP0086" for policy details.  Use the
  cmake_policy command to set the policy and suppress this warning.

[36mCall Stack (most recent call first):[0m
  /usr/local/share/cmake-3.20/Modules/UseSWIG.cmake:862 (SWIG_ADD_SOURCE_TO_MODULE)
  /usr/local/share/cmake-3.20/Modules/UseSWIG.cmake:710 (swig_add_library)
  CMakeLists.txt:61 (SWIG_ADD_MODULE)
This warning is for project developers.  Use -Wno-dev to suppress it.

