Activating Python 3.6.3...
ModuleCmd_Load.c(213):ERROR:105: Unable to locate a modulefile for 'python/3.6.1'
Activating GCC-7.2.1...

======================================================================================
SLURM_CHECKPOINT_IMAGE_DIR=/var/slurm/checkpoint
SLURM_NODELIST=be[01-03]
LC_PAPER=tr_TR.UTF-8
MANPATH=/kuacc/apps/gcc/7.2.1-gfortran/root/usr/share/man:/usr/share/man:/usr/local/share/man
SLURM_JOB_NAME=Test
LC_ADDRESS=tr_TR.UTF-8
XDG_SESSION_ID=c8768
SLURMD_NODENAME=be01
SLURM_TOPOLOGY_ADDR=be01
SLURM_NTASKS_PER_NODE=1
LC_MONETARY=tr_TR.UTF-8
HOSTNAME=be01
SLURM_PRIO_PROCESS=0
SLURM_NODE_ALIASES=(null)
SHELL=/bin/bash
TERM=xterm-256color
SLURM_JOB_QOS=users
HISTSIZE=1000
TMPDIR=/tmp
SLURM_TOPOLOGY_ADDR_PATTERN=node
SSH_CLIENT=172.24.5.100 35454 22
PERL5LIB=/kuacc/apps/gcc/7.2.1-gfortran/root/usr/lib64/perl5/vendor_perl:/kuacc/apps/gcc/7.2.1-gfortran/root/usr/lib/perl5:/kuacc/apps/gcc/7.2.1-gfortran/root/usr/share/perl5/vendor_perl
CONDA_SHLVL=2
CONDA_PROMPT_MODIFIER=(stableBaselines) 
LC_NUMERIC=tr_TR.UTF-8
QTDIR=/usr/lib64/qt-3.3
QTINC=/usr/lib64/qt-3.3/include
SSH_TTY=/dev/pts/156
SLURM_MEM_PER_CPU=4096
QT_GRAPHICSSYSTEM_CHECKED=1
PCP_DIR=/kuacc/apps/gcc/7.2.1-gfortran/root
SLURM_NNODES=3
USER=tbal21
LD_LIBRARY_PATH=/kuacc/apps/gcc/7.2.1-gfortran/root/usr/lib64:/kuacc/apps/gcc/7.2.1-gfortran/root/usr/lib
LC_TELEPHONE=tr_TR.UTF-8
LS_COLORS=rs=0:di=38;5;27:ln=38;5;51:mh=44;38;5;15:pi=40;38;5;11:so=38;5;13:do=38;5;5:bd=48;5;232;38;5;11:cd=48;5;232;38;5;3:or=48;5;232;38;5;9:mi=05;48;5;232;38;5;15:su=48;5;196;38;5;15:sg=48;5;11;38;5;16:ca=48;5;196;38;5;226:tw=48;5;10;38;5;16:ow=48;5;10;38;5;21:st=48;5;21;38;5;15:ex=38;5;34:*.tar=38;5;9:*.tgz=38;5;9:*.arc=38;5;9:*.arj=38;5;9:*.taz=38;5;9:*.lha=38;5;9:*.lz4=38;5;9:*.lzh=38;5;9:*.lzma=38;5;9:*.tlz=38;5;9:*.txz=38;5;9:*.tzo=38;5;9:*.t7z=38;5;9:*.zip=38;5;9:*.z=38;5;9:*.Z=38;5;9:*.dz=38;5;9:*.gz=38;5;9:*.lrz=38;5;9:*.lz=38;5;9:*.lzo=38;5;9:*.xz=38;5;9:*.bz2=38;5;9:*.bz=38;5;9:*.tbz=38;5;9:*.tbz2=38;5;9:*.tz=38;5;9:*.deb=38;5;9:*.rpm=38;5;9:*.jar=38;5;9:*.war=38;5;9:*.ear=38;5;9:*.sar=38;5;9:*.rar=38;5;9:*.alz=38;5;9:*.ace=38;5;9:*.zoo=38;5;9:*.cpio=38;5;9:*.7z=38;5;9:*.rz=38;5;9:*.cab=38;5;9:*.jpg=38;5;13:*.jpeg=38;5;13:*.gif=38;5;13:*.bmp=38;5;13:*.pbm=38;5;13:*.pgm=38;5;13:*.ppm=38;5;13:*.tga=38;5;13:*.xbm=38;5;13:*.xpm=38;5;13:*.tif=38;5;13:*.tiff=38;5;13:*.png=38;5;13:*.svg=38;5;13:*.svgz=38;5;13:*.mng=38;5;13:*.pcx=38;5;13:*.mov=38;5;13:*.mpg=38;5;13:*.mpeg=38;5;13:*.m2v=38;5;13:*.mkv=38;5;13:*.webm=38;5;13:*.ogm=38;5;13:*.mp4=38;5;13:*.m4v=38;5;13:*.mp4v=38;5;13:*.vob=38;5;13:*.qt=38;5;13:*.nuv=38;5;13:*.wmv=38;5;13:*.asf=38;5;13:*.rm=38;5;13:*.rmvb=38;5;13:*.flc=38;5;13:*.avi=38;5;13:*.fli=38;5;13:*.flv=38;5;13:*.gl=38;5;13:*.dl=38;5;13:*.xcf=38;5;13:*.xwd=38;5;13:*.yuv=38;5;13:*.cgm=38;5;13:*.emf=38;5;13:*.axv=38;5;13:*.anx=38;5;13:*.ogv=38;5;13:*.ogx=38;5;13:*.aac=38;5;45:*.au=38;5;45:*.flac=38;5;45:*.mid=38;5;45:*.midi=38;5;45:*.mka=38;5;45:*.mp3=38;5;45:*.mpc=38;5;45:*.ogg=38;5;45:*.ra=38;5;45:*.wav=38;5;45:*.axa=38;5;45:*.oga=38;5;45:*.spx=38;5;45:*.xspf=38;5;45:
CONDA_EXE=/kuacc/apps/anaconda/2022.05/bin/conda
SLURM_JOBID=4892810
SLURM_NTASKS=3
BOOST_HOME=/kuacc/apps/gcc/7.2.1-gfortran/root
_CE_CONDA=
CONDA_PREFIX_1=/kuacc/apps/anaconda/2022.05
SLURM_TASKS_PER_NODE=1(x3)
PATH=/kuacc/apps/gcc/7.2.1-gfortran/root/usr/bin:/kuacc/apps/anaconda/2022.05:/kuacc/users/tbal21/.conda/envs/stableBaselines/bin:/kuacc/apps/anaconda/2022.05/condabin:/usr/lib64/qt-3.3/bin:/usr/local/bin:/usr/bin:/usr/local/sbin:/usr/sbin:/kuacc/apps/scripts:/kuacc/users/tbal21/.local/bin:/kuacc/users/tbal21/bin
MAIL=/var/spool/mail/tbal21
SLURM_JOB_ID=4892810
LC_IDENTIFICATION=tr_TR.UTF-8
CONDA_PREFIX=/kuacc/users/tbal21/.conda/envs/stableBaselines
SLURM_JOB_USER=tbal21
PWD=/kuacc/users/tbal21/panda_gym/envs
CUDA_VISIBLE_DEVICES=NoDevFiles
_LMFILES_=/kuacc/etc/mod/anaconda/2022.05:/kuacc/etc/mod/gcc/7.2.1/gfortran
LANG=en_US.UTF-8
MODULEPATH=/kuacc/etc/mod
SLURM_JOB_UID=1111916
LC_MEASUREMENT=tr_TR.UTF-8
KDEDIRS=/usr
LOADEDMODULES=anaconda/2022.05:gcc/7.2.1/gfortran
SLURM_NODEID=0
SLURM_SUBMIT_DIR=/scratch/users/tbal21/panda_gym/envs
SLURM_TASK_PID=20461
SLURM_NPROCS=3
SLURM_CPUS_ON_NODE=1
CXX=/kuacc/apps/gcc/7.2.1-gfortran/root/usr/bin/g++
SLURM_PROCID=0
ENVIRONMENT=BATCH
KRB5CCNAME=KEYRING:persistent:1111916
HISTCONTROL=ignoredups
SSH_ASKPASS=/usr/libexec/openssh/gnome-ssh-askpass
_CE_M=
SLURM_JOB_NODELIST=be[01-03]
HOME=/kuacc/users/tbal21
SHLVL=2
SLURM_LOCALID=0
SLURM_JOB_GID=200513
SLURM_JOB_CPUS_PER_NODE=1(x3)
SLURM_CLUSTER_NAME=kuacc
GCC=/kuacc/apps/gcc/7.2.1-gfortran/root/usr/bin/gcc
SLURM_GTIDS=0
SLURM_SUBMIT_HOST=login02.kuacc.ku.edu.tr
SLURM_JOB_PARTITION=mid
LOGNAME=tbal21
CONDA_PYTHON_EXE=/kuacc/apps/anaconda/2022.05/bin/python
BOOST_ROOT=/kuacc/apps/gcc/7.2.1-gfortran/root
QTLIB=/usr/lib64/qt-3.3/lib
GPU_DEVICE_ORDINAL=NoDevFiles
SLURM_JOB_ACCOUNT=users
SSH_CONNECTION=172.24.5.100 35454 172.20.238.2 22
XDG_DATA_DIRS=/kuacc/users/tbal21/.local/share/flatpak/exports/share:/var/lib/flatpak/exports/share:/usr/local/share:/usr/share
SLURM_JOB_NUM_NODES=3
MODULESHOME=/usr/share/Modules
LESSOPEN=||/usr/bin/lesspipe.sh %s
CONDA_DEFAULT_ENV=stableBaselines
INFOPATH=/kuacc/apps/gcc/7.2.1-gfortran/root/usr/share/info
CC=/kuacc/apps/gcc/7.2.1-gfortran/root/usr/bin/gcc
XDG_RUNTIME_DIR=/run/user/1111916
QT_PLUGIN_PATH=/usr/lib64/kde4/plugins:/usr/lib/kde4/plugins
LC_TIME=tr_TR.UTF-8
LC_NAME=tr_TR.UTF-8
BASH_FUNC_module()=() {  eval `/usr/bin/modulecmd bash $*`
}
_=/usr/bin/env
======================================================================================

Setting stack size to unlimited...
core file size          (blocks, -c) 0
data seg size           (kbytes, -d) unlimited
scheduling priority             (-e) 0
file size               (blocks, -f) unlimited
pending signals                 (-i) 514841
max locked memory       (kbytes, -l) unlimited
max memory size         (kbytes, -m) 4194304
open files                      (-n) 51200
pipe size            (512 bytes, -p) 8
POSIX message queues     (bytes, -q) 819200
real-time priority              (-r) 0
stack size              (kbytes, -s) unlimited
cpu time               (seconds, -t) unlimited
max user processes              (-u) 4096
virtual memory          (kbytes, -v) unlimited
file locks                      (-x) unlimited

Running Example Job...!
===============================================================================
Running Python script...
pybullet build time: May 20 2022 19:44:17
Traceback (most recent call last):
  File "trainTest2.py", line 130, in <module>
    main()
  File "trainTest2.py", line 117, in main
    env = gym.make(config['envName'], render=config['render'])
  File "/kuacc/users/tbal21/.conda/envs/stableBaselines/lib/python3.8/site-packages/gym/envs/registration.py", line 235, in make
    return registry.make(id, **kwargs)
  File "/kuacc/users/tbal21/.conda/envs/stableBaselines/lib/python3.8/site-packages/gym/envs/registration.py", line 129, in make
    env = spec.make(**kwargs)
  File "/kuacc/users/tbal21/.conda/envs/stableBaselines/lib/python3.8/site-packages/gym/envs/registration.py", line 89, in make
    cls = load(self.entry_point)
  File "/kuacc/users/tbal21/.conda/envs/stableBaselines/lib/python3.8/site-packages/gym/envs/registration.py", line 27, in load
    mod = importlib.import_module(mod_name)
  File "/kuacc/users/tbal21/.conda/envs/stableBaselines/lib/python3.8/importlib/__init__.py", line 127, in import_module
    return _bootstrap._gcd_import(name[level:], package, level)
  File "<frozen importlib._bootstrap>", line 1014, in _gcd_import
  File "<frozen importlib._bootstrap>", line 991, in _find_and_load
  File "<frozen importlib._bootstrap>", line 975, in _find_and_load_unlocked
  File "<frozen importlib._bootstrap>", line 671, in _load_unlocked
  File "<frozen importlib._bootstrap_external>", line 843, in exec_module
  File "<frozen importlib._bootstrap>", line 219, in _call_with_frames_removed
  File "/scratch/users/tbal21/.conda/envs/stableBaselines/panda-gym/panda_gym/envs/__init__.py", line 3, in <module>
    from panda_gym.envs.panda_tasks.panda_reach import PandaReachEnv
  File "/scratch/users/tbal21/.conda/envs/stableBaselines/panda-gym/panda_gym/envs/panda_tasks/panda_reach.py", line 4, in <module>
    from panda_gym.envs.robots.myRobot import MYROBOT
  File "/scratch/users/tbal21/.conda/envs/stableBaselines/panda-gym/panda_gym/envs/robots/myRobot.py", line 12, in <module>
    from ..utils.kinematics import KINEMATICS
  File "/scratch/users/tbal21/.conda/envs/stableBaselines/panda-gym/panda_gym/envs/utils/kinematics.py", line 4, in <module>
    import urdf as URDF
ModuleNotFoundError: No module named 'urdf'
Running G++ compiler...
Running compiled binary...
