Activating Python 3.8.6...
Activating GCC-9.1.0...

======================================================================================
SLURM_CHECKPOINT_IMAGE_DIR=/var/slurm/checkpoint
SLURM_NODELIST=rk02
LC_PAPER=tr_TR.UTF-8
MANPATH=/kuacc/apps/gcc/9.1.0/share/man:/kuacc/apps/gcc/9.1.0/man:/usr/share/man:/usr/local/share/man
SLURM_JOB_NAME=tmcnkutemgpu
LC_ADDRESS=tr_TR.UTF-8
XDG_SESSION_ID=84123
SLURMD_NODENAME=rk02
SLURM_TOPOLOGY_ADDR=rk02
SLURM_NTASKS_PER_NODE=1
LC_MONETARY=tr_TR.UTF-8
HOSTNAME=rk02
SLURM_PRIO_PROCESS=0
SLURM_NODE_ALIASES=(null)
SHELL=/bin/bash
TERM=xterm-256color
SLURM_JOB_QOS=kutem
HISTSIZE=1000
TMPDIR=/tmp
SLURM_TOPOLOGY_ADDR_PATTERN=node
SSH_CLIENT=172.24.4.127 38282 22
CONDA_SHLVL=2
CONDA_PROMPT_MODIFIER=(stableBaselines) 
LC_NUMERIC=tr_TR.UTF-8
QTDIR=/usr/lib64/qt-3.3
SLURM_JOB_GPUS=5
QTINC=/usr/lib64/qt-3.3/include
SSH_TTY=/dev/pts/415
SLURM_MEM_PER_CPU=3072
QT_GRAPHICSSYSTEM_CHECKED=1
SLURM_NNODES=1
USER=tbal21
LD_LIBRARY_PATH=/kuacc/apps/gcc/9.1.0/lib64:/kuacc/apps/gcc/9.1.0/lib
LC_TELEPHONE=tr_TR.UTF-8
LS_COLORS=rs=0:di=38;5;27:ln=38;5;51:mh=44;38;5;15:pi=40;38;5;11:so=38;5;13:do=38;5;5:bd=48;5;232;38;5;11:cd=48;5;232;38;5;3:or=48;5;232;38;5;9:mi=05;48;5;232;38;5;15:su=48;5;196;38;5;15:sg=48;5;11;38;5;16:ca=48;5;196;38;5;226:tw=48;5;10;38;5;16:ow=48;5;10;38;5;21:st=48;5;21;38;5;15:ex=38;5;34:*.tar=38;5;9:*.tgz=38;5;9:*.arc=38;5;9:*.arj=38;5;9:*.taz=38;5;9:*.lha=38;5;9:*.lz4=38;5;9:*.lzh=38;5;9:*.lzma=38;5;9:*.tlz=38;5;9:*.txz=38;5;9:*.tzo=38;5;9:*.t7z=38;5;9:*.zip=38;5;9:*.z=38;5;9:*.Z=38;5;9:*.dz=38;5;9:*.gz=38;5;9:*.lrz=38;5;9:*.lz=38;5;9:*.lzo=38;5;9:*.xz=38;5;9:*.bz2=38;5;9:*.bz=38;5;9:*.tbz=38;5;9:*.tbz2=38;5;9:*.tz=38;5;9:*.deb=38;5;9:*.rpm=38;5;9:*.jar=38;5;9:*.war=38;5;9:*.ear=38;5;9:*.sar=38;5;9:*.rar=38;5;9:*.alz=38;5;9:*.ace=38;5;9:*.zoo=38;5;9:*.cpio=38;5;9:*.7z=38;5;9:*.rz=38;5;9:*.cab=38;5;9:*.jpg=38;5;13:*.jpeg=38;5;13:*.gif=38;5;13:*.bmp=38;5;13:*.pbm=38;5;13:*.pgm=38;5;13:*.ppm=38;5;13:*.tga=38;5;13:*.xbm=38;5;13:*.xpm=38;5;13:*.tif=38;5;13:*.tiff=38;5;13:*.png=38;5;13:*.svg=38;5;13:*.svgz=38;5;13:*.mng=38;5;13:*.pcx=38;5;13:*.mov=38;5;13:*.mpg=38;5;13:*.mpeg=38;5;13:*.m2v=38;5;13:*.mkv=38;5;13:*.webm=38;5;13:*.ogm=38;5;13:*.mp4=38;5;13:*.m4v=38;5;13:*.mp4v=38;5;13:*.vob=38;5;13:*.qt=38;5;13:*.nuv=38;5;13:*.wmv=38;5;13:*.asf=38;5;13:*.rm=38;5;13:*.rmvb=38;5;13:*.flc=38;5;13:*.avi=38;5;13:*.fli=38;5;13:*.flv=38;5;13:*.gl=38;5;13:*.dl=38;5;13:*.xcf=38;5;13:*.xwd=38;5;13:*.yuv=38;5;13:*.cgm=38;5;13:*.emf=38;5;13:*.axv=38;5;13:*.anx=38;5;13:*.ogv=38;5;13:*.ogx=38;5;13:*.aac=38;5;45:*.au=38;5;45:*.flac=38;5;45:*.mid=38;5;45:*.midi=38;5;45:*.mka=38;5;45:*.mp3=38;5;45:*.mpc=38;5;45:*.ogg=38;5;45:*.ra=38;5;45:*.wav=38;5;45:*.axa=38;5;45:*.oga=38;5;45:*.spx=38;5;45:*.xspf=38;5;45:
CONDA_EXE=/kuacc/apps/anaconda/2022.05/bin/conda
SLURM_JOBID=4902353
SLURM_NTASKS=1
_CE_CONDA=
CONDA_PREFIX_1=/kuacc/apps/anaconda/2022.05
SLURM_TASKS_PER_NODE=1
PATH=/kuacc/apps/gcc/9.1.0/libexec/gcc/x86_64-pc-linux-gnu/9.1.0:/kuacc/apps/gcc/9.1.0/bin:/kuacc/apps/anaconda/2022.05/bin:/kuacc/apps/anaconda/2022.05:/kuacc/users/tbal21/.conda/envs/stableBaselines/bin:/kuacc/apps/anaconda/2022.05/condabin:/usr/lib64/qt-3.3/bin:/usr/local/bin:/usr/bin:/usr/local/sbin:/usr/sbin:/kuacc/apps/scripts:/kuacc/users/tbal21/.local/bin:/kuacc/users/tbal21/bin
MAIL=/var/spool/mail/tbal21
SLURM_JOB_ID=4902353
LC_IDENTIFICATION=tr_TR.UTF-8
CONDA_PREFIX=/kuacc/users/tbal21/.conda/envs/stableBaselines
SLURM_JOB_USER=tbal21
PWD=/kuacc/users/tbal21/.conda/envs/stableBaselines/panda-gym/panda_gym/envs
_LMFILES_=/kuacc/etc/mod/anaconda/2022.05:/kuacc/etc/mod/gcc/9.1.0
CUDA_VISIBLE_DEVICES=0
LANG=en_US.UTF-8
MODULEPATH=/kuacc/etc/mod
SLURM_JOB_UID=1111916
LC_MEASUREMENT=tr_TR.UTF-8
KDEDIRS=/usr
LOADEDMODULES=anaconda/2022.05:gcc/9.1.0
SLURM_NODEID=0
SLURM_SUBMIT_DIR=/scratch/users/tbal21/.conda/envs/stableBaselines/panda-gym/panda_gym/envs
SLURM_TASK_PID=9854
SLURM_NPROCS=1
SLURM_CPUS_ON_NODE=1
CXX=/kuacc/apps/gcc/9.1.0/bin/g++
SLURM_PROCID=0
ENVIRONMENT=BATCH
KRB5CCNAME=KEYRING:persistent:1111916
HISTCONTROL=ignoredups
SSH_ASKPASS=/usr/libexec/openssh/gnome-ssh-askpass
_CE_M=
SLURM_JOB_NODELIST=rk02
HOME=/kuacc/users/tbal21
SHLVL=2
SLURM_LOCALID=0
SLURM_JOB_GID=200513
SLURM_JOB_CPUS_PER_NODE=1
SLURM_CLUSTER_NAME=kuacc
GCC=/kuacc/apps/gcc/9.1.0/bin/gcc
SLURM_GTIDS=0
SLURM_SUBMIT_HOST=login03.kuacc.ku.edu.tr
SLURM_JOB_PARTITION=kutem_gpu
LOGNAME=tbal21
CONDA_PYTHON_EXE=/kuacc/apps/anaconda/2022.05/bin/python
QTLIB=/usr/lib64/qt-3.3/lib
GPU_DEVICE_ORDINAL=0
SLURM_JOB_ACCOUNT=kutem
SSH_CONNECTION=172.24.4.127 38282 172.20.238.3 22
SLURM_JOB_NUM_NODES=1
MODULESHOME=/usr/share/Modules
LESSOPEN=||/usr/bin/lesspipe.sh %s
CONDA_DEFAULT_ENV=stableBaselines
CC=/kuacc/apps/gcc/9.1.0/bin/gcc
XDG_RUNTIME_DIR=/run/user/1111916
QT_PLUGIN_PATH=/usr/lib64/kde4/plugins:/usr/lib/kde4/plugins
LC_TIME=tr_TR.UTF-8
LC_NAME=tr_TR.UTF-8
BASH_FUNC_module()=() {  eval `/usr/bin/modulecmd bash $*`
}
_=/usr/bin/env
======================================================================================

Setting stack size to unlimited...
core file size          (blocks, -c) 0
data seg size           (kbytes, -d) unlimited
scheduling priority             (-e) 0
file size               (blocks, -f) unlimited
pending signals                 (-i) 2062201
max locked memory       (kbytes, -l) unlimited
max memory size         (kbytes, -m) 3145728
open files                      (-n) 51200
pipe size            (512 bytes, -p) 8
POSIX message queues     (bytes, -q) 819200
real-time priority              (-r) 0
stack size              (kbytes, -s) unlimited
cpu time               (seconds, -t) unlimited
max user processes              (-u) 4096
virtual memory          (kbytes, -v) unlimited
file locks                      (-x) unlimited

Running Example Job...!
===============================================================================
Running Python script...
First Script...
Traceback (most recent call last):
  File "/scratch/users/tbal21/.conda/envs/stableBaselines/panda-gym/panda_gym/envs/trainTest.py", line 1, in <module>
    import gym
ModuleNotFoundError: No module named 'gym'
Running G++ compiler...
Running compiled binary...
