Activating Python 3.8.6...
Activating GCC-9.1.0...

======================================================================================
SLURM_CHECKPOINT_IMAGE_DIR=/var/slurm/checkpoint
SLURM_NODELIST=rk01
LC_PAPER=tr_TR.UTF-8
MANPATH=/kuacc/apps/python/3.8.6/share/man:/kuacc/apps/gcc/9.1.0/share/man:/kuacc/apps/gcc/9.1.0/man:/usr/share/man:/usr/local/share/man
SLURM_JOB_NAME=kutemcpu
LC_ADDRESS=tr_TR.UTF-8
XDG_SESSION_ID=c10930
SLURMD_NODENAME=rk01
SLURM_TOPOLOGY_ADDR=rk01
SLURM_NTASKS_PER_NODE=1
LC_MONETARY=tr_TR.UTF-8
HOSTNAME=rk01
SLURM_PRIO_PROCESS=0
SLURM_NODE_ALIASES=(null)
SHELL=/bin/bash
TERM=xterm-256color
SLURM_JOB_QOS=kutem
HISTSIZE=1000
TMPDIR=/tmp
SLURM_TOPOLOGY_ADDR_PATTERN=node
SSH_CLIENT=172.24.4.127 41966 22
CONDA_SHLVL=2
CONDA_PROMPT_MODIFIER=(stableBaselines) 
LC_NUMERIC=tr_TR.UTF-8
QTDIR=/usr/lib64/qt-3.3
QTINC=/usr/lib64/qt-3.3/include
SSH_TTY=/dev/pts/340
SLURM_MEM_PER_CPU=7000
QT_GRAPHICSSYSTEM_CHECKED=1
SLURM_NNODES=1
USER=tbal21
LD_LIBRARY_PATH=/kuacc/apps/python/3.8.6/lib/python3.8:/kuacc/apps/python/3.8.6/lib:/kuacc/apps/gcc/9.1.0/lib64:/kuacc/apps/gcc/9.1.0/lib
LC_TELEPHONE=tr_TR.UTF-8
LS_COLORS=rs=0:di=38;5;27:ln=38;5;51:mh=44;38;5;15:pi=40;38;5;11:so=38;5;13:do=38;5;5:bd=48;5;232;38;5;11:cd=48;5;232;38;5;3:or=48;5;232;38;5;9:mi=05;48;5;232;38;5;15:su=48;5;196;38;5;15:sg=48;5;11;38;5;16:ca=48;5;196;38;5;226:tw=48;5;10;38;5;16:ow=48;5;10;38;5;21:st=48;5;21;38;5;15:ex=38;5;34:*.tar=38;5;9:*.tgz=38;5;9:*.arc=38;5;9:*.arj=38;5;9:*.taz=38;5;9:*.lha=38;5;9:*.lz4=38;5;9:*.lzh=38;5;9:*.lzma=38;5;9:*.tlz=38;5;9:*.txz=38;5;9:*.tzo=38;5;9:*.t7z=38;5;9:*.zip=38;5;9:*.z=38;5;9:*.Z=38;5;9:*.dz=38;5;9:*.gz=38;5;9:*.lrz=38;5;9:*.lz=38;5;9:*.lzo=38;5;9:*.xz=38;5;9:*.bz2=38;5;9:*.bz=38;5;9:*.tbz=38;5;9:*.tbz2=38;5;9:*.tz=38;5;9:*.deb=38;5;9:*.rpm=38;5;9:*.jar=38;5;9:*.war=38;5;9:*.ear=38;5;9:*.sar=38;5;9:*.rar=38;5;9:*.alz=38;5;9:*.ace=38;5;9:*.zoo=38;5;9:*.cpio=38;5;9:*.7z=38;5;9:*.rz=38;5;9:*.cab=38;5;9:*.jpg=38;5;13:*.jpeg=38;5;13:*.gif=38;5;13:*.bmp=38;5;13:*.pbm=38;5;13:*.pgm=38;5;13:*.ppm=38;5;13:*.tga=38;5;13:*.xbm=38;5;13:*.xpm=38;5;13:*.tif=38;5;13:*.tiff=38;5;13:*.png=38;5;13:*.svg=38;5;13:*.svgz=38;5;13:*.mng=38;5;13:*.pcx=38;5;13:*.mov=38;5;13:*.mpg=38;5;13:*.mpeg=38;5;13:*.m2v=38;5;13:*.mkv=38;5;13:*.webm=38;5;13:*.ogm=38;5;13:*.mp4=38;5;13:*.m4v=38;5;13:*.mp4v=38;5;13:*.vob=38;5;13:*.qt=38;5;13:*.nuv=38;5;13:*.wmv=38;5;13:*.asf=38;5;13:*.rm=38;5;13:*.rmvb=38;5;13:*.flc=38;5;13:*.avi=38;5;13:*.fli=38;5;13:*.flv=38;5;13:*.gl=38;5;13:*.dl=38;5;13:*.xcf=38;5;13:*.xwd=38;5;13:*.yuv=38;5;13:*.cgm=38;5;13:*.emf=38;5;13:*.axv=38;5;13:*.anx=38;5;13:*.ogv=38;5;13:*.ogx=38;5;13:*.aac=38;5;45:*.au=38;5;45:*.flac=38;5;45:*.mid=38;5;45:*.midi=38;5;45:*.mka=38;5;45:*.mp3=38;5;45:*.mpc=38;5;45:*.ogg=38;5;45:*.ra=38;5;45:*.wav=38;5;45:*.axa=38;5;45:*.oga=38;5;45:*.spx=38;5;45:*.xspf=38;5;45:
CONDA_EXE=/kuacc/apps/anaconda/2022.05/bin/conda
SLURM_JOBID=4910520
SLURM_NTASKS=1
_CE_CONDA=
CONDA_PREFIX_1=/kuacc/apps/anaconda/2022.05
SLURM_TASKS_PER_NODE=1
PATH=/kuacc/apps/python/3.8.6/bin:/kuacc/apps/gcc/9.1.0/libexec/gcc/x86_64-pc-linux-gnu/9.1.0:/kuacc/apps/gcc/9.1.0/bin:/kuacc/users/tbal21/.conda/envs/stableBaselines/bin:/kuacc/apps/anaconda/2022.05/condabin:/usr/lib64/qt-3.3/bin:/usr/local/bin:/usr/bin:/usr/local/sbin:/usr/sbin:/kuacc/apps/scripts:/kuacc/users/tbal21/.local/bin:/kuacc/users/tbal21/bin
MAIL=/var/spool/mail/tbal21
SLURM_JOB_ID=4910520
LC_IDENTIFICATION=tr_TR.UTF-8
CONDA_PREFIX=/kuacc/users/tbal21/.conda/envs/stableBaselines
SLURM_JOB_USER=tbal21
PWD=/kuacc/users/tbal21/.conda/envs/stableBaselines/panda-gym/panda_gym/envs
_LMFILES_=/kuacc/etc/mod/gcc/9.1.0:/kuacc/etc/mod/python/3.8.6
CUDA_VISIBLE_DEVICES=NoDevFiles
LANG=en_US.UTF-8
MODULEPATH=/kuacc/etc/mod
SLURM_JOB_UID=1111916
LC_MEASUREMENT=tr_TR.UTF-8
KDEDIRS=/usr
LOADEDMODULES=gcc/9.1.0:python/3.8.6
SLURM_NODEID=0
SLURM_SUBMIT_DIR=/scratch/users/tbal21/.conda/envs/stableBaselines/panda-gym/panda_gym/envs
SLURM_TASK_PID=113931
SLURM_NPROCS=1
SLURM_CPUS_ON_NODE=2
CXX=/kuacc/apps/gcc/9.1.0/bin/g++
SLURM_PROCID=0
ENVIRONMENT=BATCH
KRB5CCNAME=KEYRING:persistent:1111916
HISTCONTROL=ignoredups
SSH_ASKPASS=/usr/libexec/openssh/gnome-ssh-askpass
_CE_M=
SLURM_JOB_NODELIST=rk01
HOME=/kuacc/users/tbal21
SHLVL=2
SLURM_LOCALID=0
SLURM_JOB_GID=200513
SLURM_JOB_CPUS_PER_NODE=2
SLURM_CLUSTER_NAME=kuacc
GCC=/kuacc/apps/gcc/9.1.0/bin/gcc
SLURM_GTIDS=0
SLURM_SUBMIT_HOST=login02.kuacc.ku.edu.tr
SLURM_JOB_PARTITION=kutem
LOGNAME=tbal21
CONDA_PYTHON_EXE=/kuacc/apps/anaconda/2022.05/bin/python
QTLIB=/usr/lib64/qt-3.3/lib
GPU_DEVICE_ORDINAL=NoDevFiles
SLURM_JOB_ACCOUNT=kutem
SSH_CONNECTION=172.24.4.127 41966 172.20.238.2 22
XDG_DATA_DIRS=/kuacc/apps/python/3.8.6/share:/kuacc/users/tbal21/.local/share/flatpak/exports/share:/var/lib/flatpak/exports/share:/usr/local/share:/usr/share
SLURM_JOB_NUM_NODES=1
MODULESHOME=/usr/share/Modules
PKG_CONFIG_PATH=/kuacc/apps/python/3.8.6/lib/pkgconfig
LESSOPEN=||/usr/bin/lesspipe.sh %s
CONDA_DEFAULT_ENV=stableBaselines
CC=/kuacc/apps/gcc/9.1.0/bin/gcc
XDG_RUNTIME_DIR=/run/user/1111916
QT_PLUGIN_PATH=/usr/lib64/kde4/plugins:/usr/lib/kde4/plugins
LC_TIME=tr_TR.UTF-8
LC_NAME=tr_TR.UTF-8
BASH_FUNC_module()=() {  eval `/usr/bin/modulecmd bash $*`
}
_=/usr/bin/env
======================================================================================

Setting stack size to unlimited...
core file size          (blocks, -c) 0
data seg size           (kbytes, -d) unlimited
scheduling priority             (-e) 0
file size               (blocks, -f) unlimited
pending signals                 (-i) 2062688
max locked memory       (kbytes, -l) unlimited
max memory size         (kbytes, -m) 14336000
open files                      (-n) 51200
pipe size            (512 bytes, -p) 8
POSIX message queues     (bytes, -q) 819200
real-time priority              (-r) 0
stack size              (kbytes, -s) unlimited
cpu time               (seconds, -t) unlimited
max user processes              (-u) 4096
virtual memory          (kbytes, -v) unlimited
file locks                      (-x) unlimited

Running Example Job...!
===============================================================================
Running Python script...
First Script...
/kuacc/apps/python/3.8.6/bin/python
Python 3.8.6
pybullet build time: May 20 2022 19:44:17
number of env: 8
The root link panda_link0 has an inertia specified in the URDF, but KDL does not support a root link with an inertia.  As a workaround, you can add an extra dummy link to your URDF.
The root link panda_link0 has an inertia specified in the URDF, but KDL does not support a root link with an inertia.  As a workaround, you can add an extra dummy link to your URDF.
The root link panda_link0 has an inertia specified in the URDF, but KDL does not support a root link with an inertia.  As a workaround, you can add an extra dummy link to your URDF.
The root link panda_link0 has an inertia specified in the URDF, but KDL does not support a root link with an inertia.  As a workaround, you can add an extra dummy link to your URDF.
The root link panda_link0 has an inertia specified in the URDF, but KDL does not support a root link with an inertia.  As a workaround, you can add an extra dummy link to your URDF.
The root link panda_link0 has an inertia specified in the URDF, but KDL does not support a root link with an inertia.  As a workaround, you can add an extra dummy link to your URDF.
The root link panda_link0 has an inertia specified in the URDF, but KDL does not support a root link with an inertia.  As a workaround, you can add an extra dummy link to your URDF.
The root link panda_link0 has an inertia specified in the URDF, but KDL does not support a root link with an inertia.  As a workaround, you can add an extra dummy link to your URDF.
The root link panda_link0 has an inertia specified in the URDF, but KDL does not support a root link with an inertia.  As a workaround, you can add an extra dummy link to your URDF.
The root link panda_link0 has an inertia specified in the URDF, but KDL does not support a root link with an inertia.  As a workaround, you can add an extra dummy link to your URDF.
The root link panda_link0 has an inertia specified in the URDF, but KDL does not support a root link with an inertia.  As a workaround, you can add an extra dummy link to your URDF.
The root link panda_link0 has an inertia specified in the URDF, but KDL does not support a root link with an inertia.  As a workaround, you can add an extra dummy link to your URDF.
The root link panda_link0 has an inertia specified in the URDF, but KDL does not support a root link with an inertia.  As a workaround, you can add an extra dummy link to your URDF.
The root link panda_link0 has an inertia specified in the URDF, but KDL does not support a root link with an inertia.  As a workaround, you can add an extra dummy link to your URDF.
The root link panda_link0 has an inertia specified in the URDF, but KDL does not support a root link with an inertia.  As a workaround, you can add an extra dummy link to your URDF.
The root link panda_link0 has an inertia specified in the URDF, but KDL does not support a root link with an inertia.  As a workaround, you can add an extra dummy link to your URDF.
The root link panda_link0 has an inertia specified in the URDF, but KDL does not support a root link with an inertia.  As a workaround, you can add an extra dummy link to your URDF.
The root link panda_link0 has an inertia specified in the URDF, but KDL does not support a root link with an inertia.  As a workaround, you can add an extra dummy link to your URDF.
NORMAL LEARNING FOR PPO
Using cpu device
Logging to /scratch/users/tbal21/.conda/envs/stableBaselines/panda-gym/loghpc/PandaReach-v2_PPO/PPO_37
----------------------------------
| rollout/           |           |
|    ep_len_mean     | 800       |
|    ep_rew_mean     | -1.18e+04 |
| time/              |           |
|    fps             | 623       |
|    iterations      | 1         |
|    time_elapsed    | 26        |
|    total_timesteps | 16384     |
----------------------------------
------------------------------------------
| rollout/                |              |
|    ep_len_mean          | 800          |
|    ep_rew_mean          | -1.15e+04    |
| time/                   |              |
|    fps                  | 593          |
|    iterations           | 2            |
|    time_elapsed         | 55           |
|    total_timesteps      | 32768        |
| train/                  |              |
|    approx_kl            | 0.0034507387 |
|    clip_fraction        | 0.0114       |
|    clip_range           | 0.2          |
|    entropy_loss         | -9.9         |
|    explained_variance   | 0.000826     |
|    learning_rate        | 0.0003       |
|    loss                 | 8.52e+03     |
|    n_updates            | 10           |
|    policy_gradient_loss | -0.00324     |
|    std                  | 0.992        |
|    value_loss           | 4.56e+04     |
------------------------------------------
------------------------------------------
| rollout/                |              |
|    ep_len_mean          | 800          |
|    ep_rew_mean          | -1.15e+04    |
| time/                   |              |
|    fps                  | 583          |
|    iterations           | 3            |
|    time_elapsed         | 84           |
|    total_timesteps      | 49152        |
| train/                  |              |
|    approx_kl            | 0.0061446796 |
|    clip_fraction        | 0.0258       |
|    clip_range           | 0.2          |
|    entropy_loss         | -9.85        |
|    explained_variance   | -0.37        |
|    learning_rate        | 0.0003       |
|    loss                 | 648          |
|    n_updates            | 20           |
|    policy_gradient_loss | -0.00334     |
|    std                  | 0.982        |
|    value_loss           | 1.08e+04     |
------------------------------------------
-----------------------------------------
| rollout/                |             |
|    ep_len_mean          | 800         |
|    ep_rew_mean          | -1.14e+04   |
| time/                   |             |
|    fps                  | 580         |
|    iterations           | 4           |
|    time_elapsed         | 112         |
|    total_timesteps      | 65536       |
| train/                  |             |
|    approx_kl            | 0.007628323 |
|    clip_fraction        | 0.0336      |
|    clip_range           | 0.2         |
|    entropy_loss         | -9.74       |
|    explained_variance   | 0.609       |
|    learning_rate        | 0.0003      |
|    loss                 | 425         |
|    n_updates            | 30          |
|    policy_gradient_loss | -0.00409    |
|    std                  | 0.962       |
|    value_loss           | 5.71e+03    |
-----------------------------------------
------------------------------------------
| rollout/                |              |
|    ep_len_mean          | 800          |
|    ep_rew_mean          | -1.13e+04    |
| time/                   |              |
|    fps                  | 578          |
|    iterations           | 5            |
|    time_elapsed         | 141          |
|    total_timesteps      | 81920        |
| train/                  |              |
|    approx_kl            | 0.0067366776 |
|    clip_fraction        | 0.0413       |
|    clip_range           | 0.2          |
|    entropy_loss         | -9.59        |
|    explained_variance   | 0.841        |
|    learning_rate        | 0.0003       |
|    loss                 | 469          |
|    n_updates            | 40           |
|    policy_gradient_loss | -0.00538     |
|    std                  | 0.944        |
|    value_loss           | 2.84e+03     |
------------------------------------------
-----------------------------------------
| rollout/                |             |
|    ep_len_mean          | 800         |
|    ep_rew_mean          | -1.09e+04   |
| time/                   |             |
|    fps                  | 579         |
|    iterations           | 6           |
|    time_elapsed         | 169         |
|    total_timesteps      | 98304       |
| train/                  |             |
|    approx_kl            | 0.008672527 |
|    clip_fraction        | 0.0628      |
|    clip_range           | 0.2         |
|    entropy_loss         | -9.46       |
|    explained_variance   | 0.936       |
|    learning_rate        | 0.0003      |
|    loss                 | 272         |
|    n_updates            | 50          |
|    policy_gradient_loss | -0.00761    |
|    std                  | 0.926       |
|    value_loss           | 1.7e+03     |
-----------------------------------------
------------------------------------------
| rollout/                |              |
|    ep_len_mean          | 800          |
|    ep_rew_mean          | -1.06e+04    |
| time/                   |              |
|    fps                  | 582          |
|    iterations           | 7            |
|    time_elapsed         | 196          |
|    total_timesteps      | 114688       |
| train/                  |              |
|    approx_kl            | 0.0108930655 |
|    clip_fraction        | 0.0888       |
|    clip_range           | 0.2          |
|    entropy_loss         | -9.29        |
|    explained_variance   | 0.977        |
|    learning_rate        | 0.0003       |
|    loss                 | 238          |
|    n_updates            | 60           |
|    policy_gradient_loss | -0.0112      |
|    std                  | 0.904        |
|    value_loss           | 1e+03        |
------------------------------------------
----------------------------------------
| rollout/                |            |
|    ep_len_mean          | 800        |
|    ep_rew_mean          | -1e+04     |
| time/                   |            |
|    fps                  | 584        |
|    iterations           | 8          |
|    time_elapsed         | 224        |
|    total_timesteps      | 131072     |
| train/                  |            |
|    approx_kl            | 0.00909728 |
|    clip_fraction        | 0.0889     |
|    clip_range           | 0.2        |
|    entropy_loss         | -9.14      |
|    explained_variance   | 0.983      |
|    learning_rate        | 0.0003     |
|    loss                 | 170        |
|    n_updates            | 70         |
|    policy_gradient_loss | -0.011     |
|    std                  | 0.887      |
|    value_loss           | 603        |
----------------------------------------
slurmstepd: error: *** JOB 4910520 ON rk01 CANCELLED AT 2023-03-20T20:32:03 ***
