slurmstepd: error: task/cgroup: unable to add task[pid=114089] to memory cg '(null)'
Activating Python 3.6.3...
ModuleCmd_Load.c(213):ERROR:105: Unable to locate a modulefile for 'python/3.6.1'
Activating GCC-7.2.1...

======================================================================================
SLURM_CHECKPOINT_IMAGE_DIR=/var/slurm/checkpoint
SLURM_NODELIST=it03
LC_PAPER=tr_TR.UTF-8
MANPATH=/kuacc/apps/gcc/7.2.1-gfortran/root/usr/share/man:/usr/share/man:/usr/local/share/man
SLURM_JOB_NAME=PPOexp1
LC_ADDRESS=tr_TR.UTF-8
XDG_SESSION_ID=84414
SLURMD_NODENAME=it03
SLURM_TOPOLOGY_ADDR=it03
SLURM_NTASKS_PER_NODE=1
LC_MONETARY=tr_TR.UTF-8
HOSTNAME=it03
SLURM_PRIO_PROCESS=0
SLURM_NODE_ALIASES=(null)
SHELL=/bin/bash
TERM=xterm-256color
SLURM_JOB_QOS=users
HISTSIZE=1000
TMPDIR=/tmp
SLURM_TOPOLOGY_ADDR_PATTERN=node
SSH_CLIENT=172.24.4.127 53996 22
PERL5LIB=/kuacc/apps/gcc/7.2.1-gfortran/root/usr/lib64/perl5/vendor_perl:/kuacc/apps/gcc/7.2.1-gfortran/root/usr/lib/perl5:/kuacc/apps/gcc/7.2.1-gfortran/root/usr/share/perl5/vendor_perl
CONDA_SHLVL=2
CONDA_PROMPT_MODIFIER=(stableBaselines) 
LC_NUMERIC=tr_TR.UTF-8
QTDIR=/usr/lib64/qt-3.3
QTINC=/usr/lib64/qt-3.3/include
SSH_TTY=/dev/pts/424
SLURM_MEM_PER_CPU=4096
QT_GRAPHICSSYSTEM_CHECKED=1
PCP_DIR=/kuacc/apps/gcc/7.2.1-gfortran/root
SLURM_NNODES=1
USER=tbal21
LD_LIBRARY_PATH=/kuacc/apps/gcc/7.2.1-gfortran/root/usr/lib64:/kuacc/apps/gcc/7.2.1-gfortran/root/usr/lib
LC_TELEPHONE=tr_TR.UTF-8
LS_COLORS=rs=0:di=38;5;27:ln=38;5;51:mh=44;38;5;15:pi=40;38;5;11:so=38;5;13:do=38;5;5:bd=48;5;232;38;5;11:cd=48;5;232;38;5;3:or=48;5;232;38;5;9:mi=05;48;5;232;38;5;15:su=48;5;196;38;5;15:sg=48;5;11;38;5;16:ca=48;5;196;38;5;226:tw=48;5;10;38;5;16:ow=48;5;10;38;5;21:st=48;5;21;38;5;15:ex=38;5;34:*.tar=38;5;9:*.tgz=38;5;9:*.arc=38;5;9:*.arj=38;5;9:*.taz=38;5;9:*.lha=38;5;9:*.lz4=38;5;9:*.lzh=38;5;9:*.lzma=38;5;9:*.tlz=38;5;9:*.txz=38;5;9:*.tzo=38;5;9:*.t7z=38;5;9:*.zip=38;5;9:*.z=38;5;9:*.Z=38;5;9:*.dz=38;5;9:*.gz=38;5;9:*.lrz=38;5;9:*.lz=38;5;9:*.lzo=38;5;9:*.xz=38;5;9:*.bz2=38;5;9:*.bz=38;5;9:*.tbz=38;5;9:*.tbz2=38;5;9:*.tz=38;5;9:*.deb=38;5;9:*.rpm=38;5;9:*.jar=38;5;9:*.war=38;5;9:*.ear=38;5;9:*.sar=38;5;9:*.rar=38;5;9:*.alz=38;5;9:*.ace=38;5;9:*.zoo=38;5;9:*.cpio=38;5;9:*.7z=38;5;9:*.rz=38;5;9:*.cab=38;5;9:*.jpg=38;5;13:*.jpeg=38;5;13:*.gif=38;5;13:*.bmp=38;5;13:*.pbm=38;5;13:*.pgm=38;5;13:*.ppm=38;5;13:*.tga=38;5;13:*.xbm=38;5;13:*.xpm=38;5;13:*.tif=38;5;13:*.tiff=38;5;13:*.png=38;5;13:*.svg=38;5;13:*.svgz=38;5;13:*.mng=38;5;13:*.pcx=38;5;13:*.mov=38;5;13:*.mpg=38;5;13:*.mpeg=38;5;13:*.m2v=38;5;13:*.mkv=38;5;13:*.webm=38;5;13:*.ogm=38;5;13:*.mp4=38;5;13:*.m4v=38;5;13:*.mp4v=38;5;13:*.vob=38;5;13:*.qt=38;5;13:*.nuv=38;5;13:*.wmv=38;5;13:*.asf=38;5;13:*.rm=38;5;13:*.rmvb=38;5;13:*.flc=38;5;13:*.avi=38;5;13:*.fli=38;5;13:*.flv=38;5;13:*.gl=38;5;13:*.dl=38;5;13:*.xcf=38;5;13:*.xwd=38;5;13:*.yuv=38;5;13:*.cgm=38;5;13:*.emf=38;5;13:*.axv=38;5;13:*.anx=38;5;13:*.ogv=38;5;13:*.ogx=38;5;13:*.aac=38;5;45:*.au=38;5;45:*.flac=38;5;45:*.mid=38;5;45:*.midi=38;5;45:*.mka=38;5;45:*.mp3=38;5;45:*.mpc=38;5;45:*.ogg=38;5;45:*.ra=38;5;45:*.wav=38;5;45:*.axa=38;5;45:*.oga=38;5;45:*.spx=38;5;45:*.xspf=38;5;45:
CONDA_EXE=/kuacc/apps/anaconda/2022.05/bin/conda
SLURM_JOBID=4906196
SLURM_NTASKS=1
BOOST_HOME=/kuacc/apps/gcc/7.2.1-gfortran/root
_CE_CONDA=
CONDA_PREFIX_1=/kuacc/apps/anaconda/2022.05
SLURM_TASKS_PER_NODE=1
PATH=/kuacc/apps/gcc/7.2.1-gfortran/root/usr/bin:/kuacc/users/tbal21/.conda/envs/stableBaselines/bin:/kuacc/apps/anaconda/2022.05/condabin:/usr/lib64/qt-3.3/bin:/usr/local/bin:/usr/bin:/usr/local/sbin:/usr/sbin:/kuacc/apps/scripts:/kuacc/users/tbal21/.local/bin:/kuacc/users/tbal21/bin
MAIL=/var/spool/mail/tbal21
SLURM_JOB_ID=4906196
LC_IDENTIFICATION=tr_TR.UTF-8
CONDA_PREFIX=/kuacc/users/tbal21/.conda/envs/stableBaselines
SLURM_JOB_USER=tbal21
PWD=/kuacc/users/tbal21/.conda/envs/stableBaselines/panda-gym/panda_gym/envs
_LMFILES_=/kuacc/etc/mod/gcc/7.2.1/gfortran
CUDA_VISIBLE_DEVICES=NoDevFiles
LANG=en_US.UTF-8
MODULEPATH=/kuacc/etc/mod
SLURM_JOB_UID=1111916
LC_MEASUREMENT=tr_TR.UTF-8
KDEDIRS=/usr
LOADEDMODULES=gcc/7.2.1/gfortran
SLURM_NODEID=0
SLURM_SUBMIT_DIR=/scratch/users/tbal21/.conda/envs/stableBaselines/panda-gym/panda_gym/envs
SLURM_TASK_PID=114089
SLURM_NPROCS=1
SLURM_CPUS_ON_NODE=1
CXX=/kuacc/apps/gcc/7.2.1-gfortran/root/usr/bin/g++
SLURM_PROCID=0
ENVIRONMENT=BATCH
KRB5CCNAME=KEYRING:persistent:1111916
HISTCONTROL=ignoredups
SSH_ASKPASS=/usr/libexec/openssh/gnome-ssh-askpass
_CE_M=
SLURM_JOB_NODELIST=it03
HOME=/kuacc/users/tbal21
SHLVL=2
SLURM_LOCALID=0
SLURM_JOB_GID=200513
SLURM_JOB_CPUS_PER_NODE=1
SLURM_CLUSTER_NAME=kuacc
GCC=/kuacc/apps/gcc/7.2.1-gfortran/root/usr/bin/gcc
SLURM_GTIDS=0
SLURM_SUBMIT_HOST=login03.kuacc.ku.edu.tr
SLURM_JOB_PARTITION=mid
LOGNAME=tbal21
CONDA_PYTHON_EXE=/kuacc/apps/anaconda/2022.05/bin/python
BOOST_ROOT=/kuacc/apps/gcc/7.2.1-gfortran/root
QTLIB=/usr/lib64/qt-3.3/lib
GPU_DEVICE_ORDINAL=NoDevFiles
SLURM_JOB_ACCOUNT=users
SSH_CONNECTION=172.24.4.127 53996 172.20.238.3 22
SLURM_JOB_NUM_NODES=1
MODULESHOME=/usr/share/Modules
LESSOPEN=||/usr/bin/lesspipe.sh %s
CONDA_DEFAULT_ENV=stableBaselines
INFOPATH=/kuacc/apps/gcc/7.2.1-gfortran/root/usr/share/info
CC=/kuacc/apps/gcc/7.2.1-gfortran/root/usr/bin/gcc
XDG_RUNTIME_DIR=/run/user/1111916
QT_PLUGIN_PATH=/usr/lib64/kde4/plugins:/usr/lib/kde4/plugins
LC_TIME=tr_TR.UTF-8
LC_NAME=tr_TR.UTF-8
BASH_FUNC_module()=() {  eval `/usr/bin/modulecmd bash $*`
}
_=/usr/bin/env
======================================================================================

Setting stack size to unlimited...
core file size          (blocks, -c) 0
data seg size           (kbytes, -d) unlimited
scheduling priority             (-e) 0
file size               (blocks, -f) unlimited
pending signals                 (-i) 2060605
max locked memory       (kbytes, -l) unlimited
max memory size         (kbytes, -m) 4194304
open files                      (-n) 51200
pipe size            (512 bytes, -p) 8
POSIX message queues     (bytes, -q) 819200
real-time priority              (-r) 0
stack size              (kbytes, -s) unlimited
cpu time               (seconds, -t) unlimited
max user processes              (-u) 4096
virtual memory          (kbytes, -v) unlimited
file locks                      (-x) unlimited

Running Example Job...!
===============================================================================
Running Python script...
number of env: 1
The root link panda_link0 has an inertia specified in the URDF, but KDL does not support a root link with an inertia.  As a workaround, you can add an extra dummy link to your URDF.
The root link panda_link0 has an inertia specified in the URDF, but KDL does not support a root link with an inertia.  As a workaround, you can add an extra dummy link to your URDF.
The root link panda_link0 has an inertia specified in the URDF, but KDL does not support a root link with an inertia.  As a workaround, you can add an extra dummy link to your URDF.
The root link panda_link0 has an inertia specified in the URDF, but KDL does not support a root link with an inertia.  As a workaround, you can add an extra dummy link to your URDF.
Using cpu device
Logging to /scratch/users/tbal21/.conda/envs/stableBaselines/panda-gym/loghpc/PandaReach-v2_PPO/PPO_1
---------------------------------
| rollout/           |          |
|    ep_len_mean     | 50       |
|    ep_rew_mean     | -70.9    |
| time/              |          |
|    fps             | 646      |
|    iterations      | 1        |
|    time_elapsed    | 0        |
|    total_timesteps | 256      |
---------------------------------
-----------------------------------------
| rollout/                |             |
|    ep_len_mean          | 50          |
|    ep_rew_mean          | -72.9       |
| time/                   |             |
|    fps                  | 607         |
|    iterations           | 2           |
|    time_elapsed         | 0           |
|    total_timesteps      | 512         |
| train/                  |             |
|    approx_kl            | 0.010438946 |
|    clip_fraction        | 0.059       |
|    clip_range           | 0.2         |
|    entropy_loss         | -9.94       |
|    explained_variance   | -0.00645    |
|    learning_rate        | 0.0003      |
|    loss                 | 131         |
|    n_updates            | 10          |
|    policy_gradient_loss | -0.0186     |
|    std                  | 1           |
|    value_loss           | 289         |
-----------------------------------------
-----------------------------------------
| rollout/                |             |
|    ep_len_mean          | 50          |
|    ep_rew_mean          | -74.4       |
| time/                   |             |
|    fps                  | 622         |
|    iterations           | 3           |
|    time_elapsed         | 1           |
|    total_timesteps      | 768         |
| train/                  |             |
|    approx_kl            | 0.009948419 |
|    clip_fraction        | 0.0312      |
|    clip_range           | 0.2         |
|    entropy_loss         | -9.93       |
|    explained_variance   | -0.00691    |
|    learning_rate        | 0.0003      |
|    loss                 | 138         |
|    n_updates            | 20          |
|    policy_gradient_loss | -0.0134     |
|    std                  | 0.999       |
|    value_loss           | 304         |
-----------------------------------------
------------------------------------------
| rollout/                |              |
|    ep_len_mean          | 50           |
|    ep_rew_mean          | -72.6        |
| time/                   |              |
|    fps                  | 593          |
|    iterations           | 4            |
|    time_elapsed         | 1            |
|    total_timesteps      | 1024         |
| train/                  |              |
|    approx_kl            | 0.0056974413 |
|    clip_fraction        | 0.0121       |
|    clip_range           | 0.2          |
|    entropy_loss         | -9.92        |
|    explained_variance   | -0.00671     |
|    learning_rate        | 0.0003       |
|    loss                 | 133          |
|    n_updates            | 30           |
|    policy_gradient_loss | -0.00906     |
|    std                  | 0.998        |
|    value_loss           | 299          |
------------------------------------------
----------------------------------------
| rollout/                |            |
|    ep_len_mean          | 50         |
|    ep_rew_mean          | -72.9      |
| time/                   |            |
|    fps                  | 603        |
|    iterations           | 5          |
|    time_elapsed         | 2          |
|    total_timesteps      | 1280       |
| train/                  |            |
|    approx_kl            | 0.01233896 |
|    clip_fraction        | 0.0477     |
|    clip_range           | 0.2        |
|    entropy_loss         | -9.92      |
|    explained_variance   | -0.0193    |
|    learning_rate        | 0.0003     |
|    loss                 | 84.2       |
|    n_updates            | 40         |
|    policy_gradient_loss | -0.0163    |
|    std                  | 0.998      |
|    value_loss           | 201        |
----------------------------------------
-----------------------------------------
| rollout/                |             |
|    ep_len_mean          | 50          |
|    ep_rew_mean          | -73.4       |
| time/                   |             |
|    fps                  | 608         |
|    iterations           | 6           |
|    time_elapsed         | 2           |
|    total_timesteps      | 1536        |
| train/                  |             |
|    approx_kl            | 0.009312964 |
|    clip_fraction        | 0.0324      |
|    clip_range           | 0.2         |
|    entropy_loss         | -9.92       |
|    explained_variance   | -0.00515    |
|    learning_rate        | 0.0003      |
|    loss                 | 106         |
|    n_updates            | 50          |
|    policy_gradient_loss | -0.0151     |
|    std                  | 0.997       |
|    value_loss           | 261         |
-----------------------------------------
------------------------------------------
| rollout/                |              |
|    ep_len_mean          | 50           |
|    ep_rew_mean          | -72          |
| time/                   |              |
|    fps                  | 611          |
|    iterations           | 7            |
|    time_elapsed         | 2            |
|    total_timesteps      | 1792         |
| train/                  |              |
|    approx_kl            | 0.0038415748 |
|    clip_fraction        | 0.000391     |
|    clip_range           | 0.2          |
|    entropy_loss         | -9.91        |
|    explained_variance   | -0.00201     |
|    learning_rate        | 0.0003       |
|    loss                 | 86.9         |
|    n_updates            | 60           |
|    policy_gradient_loss | -0.00638     |
|    std                  | 0.996        |
|    value_loss           | 226          |
------------------------------------------
------------------------------------------
| rollout/                |              |
|    ep_len_mean          | 50           |
|    ep_rew_mean          | -71.6        |
| time/                   |              |
|    fps                  | 615          |
|    iterations           | 8            |
|    time_elapsed         | 3            |
|    total_timesteps      | 2048         |
| train/                  |              |
|    approx_kl            | 0.0104777375 |
|    clip_fraction        | 0.0367       |
|    clip_range           | 0.2          |
|    entropy_loss         | -9.9         |
|    explained_variance   | -0.0304      |
|    learning_rate        | 0.0003       |
|    loss                 | 61.8         |
|    n_updates            | 70           |
|    policy_gradient_loss | -0.0127      |
|    std                  | 0.995        |
|    value_loss           | 168          |
------------------------------------------
------------------------------------------
| rollout/                |              |
|    ep_len_mean          | 50           |
|    ep_rew_mean          | -71.8        |
| time/                   |              |
|    fps                  | 617          |
|    iterations           | 9            |
|    time_elapsed         | 3            |
|    total_timesteps      | 2304         |
| train/                  |              |
|    approx_kl            | 0.0039170557 |
|    clip_fraction        | 0.0043       |
|    clip_range           | 0.2          |
|    entropy_loss         | -9.89        |
|    explained_variance   | -0.194       |
|    learning_rate        | 0.0003       |
|    loss                 | 45.9         |
|    n_updates            | 80           |
|    policy_gradient_loss | -0.00715     |
|    std                  | 0.995        |
|    value_loss           | 144          |
------------------------------------------
------------------------------------------
| rollout/                |              |
|    ep_len_mean          | 50           |
|    ep_rew_mean          | -71.9        |
| time/                   |              |
|    fps                  | 621          |
|    iterations           | 10           |
|    time_elapsed         | 4            |
|    total_timesteps      | 2560         |
| train/                  |              |
|    approx_kl            | 0.0028228157 |
|    clip_fraction        | 0.00273      |
|    clip_range           | 0.2          |
|    entropy_loss         | -9.9         |
|    explained_variance   | 0.068        |
|    learning_rate        | 0.0003       |
|    loss                 | 38.3         |
|    n_updates            | 90           |
|    policy_gradient_loss | -0.00641     |
|    std                  | 0.995        |
|    value_loss           | 144          |
------------------------------------------
-----------------------------------------
| rollout/                |             |
|    ep_len_mean          | 50          |
|    ep_rew_mean          | -71.8       |
| time/                   |             |
|    fps                  | 625         |
|    iterations           | 11          |
|    time_elapsed         | 4           |
|    total_timesteps      | 2816        |
| train/                  |             |
|    approx_kl            | 0.009142309 |
|    clip_fraction        | 0.0305      |
|    clip_range           | 0.2         |
|    entropy_loss         | -9.9        |
|    explained_variance   | -0.221      |
|    learning_rate        | 0.0003      |
|    loss                 | 34.2        |
|    n_updates            | 100         |
|    policy_gradient_loss | -0.011      |
|    std                  | 0.996       |
|    value_loss           | 113         |
-----------------------------------------
------------------------------------------
| rollout/                |              |
|    ep_len_mean          | 50           |
|    ep_rew_mean          | -72.1        |
| time/                   |              |
|    fps                  | 627          |
|    iterations           | 12           |
|    time_elapsed         | 4            |
|    total_timesteps      | 3072         |
| train/                  |              |
|    approx_kl            | 0.0068877274 |
|    clip_fraction        | 0.0199       |
|    clip_range           | 0.2          |
|    entropy_loss         | -9.9         |
|    explained_variance   | -0.149       |
|    learning_rate        | 0.0003       |
|    loss                 | 24.4         |
|    n_updates            | 110          |
|    policy_gradient_loss | -0.0101      |
|    std                  | 0.995        |
|    value_loss           | 96.1         |
------------------------------------------
pybullet build time: May 20 2022 19:44:17
number of env: 1
The root link panda_link0 has an inertia specified in the URDF, but KDL does not support a root link with an inertia.  As a workaround, you can add an extra dummy link to your URDF.
The root link panda_link0 has an inertia specified in the URDF, but KDL does not support a root link with an inertia.  As a workaround, you can add an extra dummy link to your URDF.
The root link panda_link0 has an inertia specified in the URDF, but KDL does not support a root link with an inertia.  As a workaround, you can add an extra dummy link to your URDF.
The root link panda_link0 has an inertia specified in the URDF, but KDL does not support a root link with an inertia.  As a workaround, you can add an extra dummy link to your URDF.
Using cpu device
Logging to /scratch/users/tbal21/.conda/envs/stableBaselines/panda-gym/loghpc/PandaReach-v2_PPO/PPO_2
---------------------------------
| rollout/           |          |
|    ep_len_mean     | 50       |
|    ep_rew_mean     | -73.4    |
| time/              |          |
|    fps             | 790      |
|    iterations      | 1        |
|    time_elapsed    | 0        |
|    total_timesteps | 256      |
---------------------------------
----------------------------------------
| rollout/                |            |
|    ep_len_mean          | 50         |
|    ep_rew_mean          | -74.1      |
| time/                   |            |
|    fps                  | 673        |
|    iterations           | 2          |
|    time_elapsed         | 0          |
|    total_timesteps      | 512        |
| train/                  |            |
|    approx_kl            | 0.01828017 |
|    clip_fraction        | 0.145      |
|    clip_range           | 0.2        |
|    entropy_loss         | -9.93      |
|    explained_variance   | -0.0121    |
|    learning_rate        | 0.0003     |
|    loss                 | 158        |
|    n_updates            | 10         |
|    policy_gradient_loss | -0.0312    |
|    std                  | 0.999      |
|    value_loss           | 323        |
----------------------------------------
-----------------------------------------
| rollout/                |             |
|    ep_len_mean          | 50          |
|    ep_rew_mean          | -73.8       |
| time/                   |             |
|    fps                  | 667         |
|    iterations           | 3           |
|    time_elapsed         | 1           |
|    total_timesteps      | 768         |
| train/                  |             |
|    approx_kl            | 0.012796853 |
|    clip_fraction        | 0.0523      |
|    clip_range           | 0.2         |
|    entropy_loss         | -9.92       |
|    explained_variance   | -0.00141    |
|    learning_rate        | 0.0003      |
|    loss                 | 157         |
|    n_updates            | 20          |
|    policy_gradient_loss | -0.0175     |
|    std                  | 0.998       |
|    value_loss           | 322         |
-----------------------------------------
-----------------------------------------
| rollout/                |             |
|    ep_len_mean          | 50          |
|    ep_rew_mean          | -74.5       |
| time/                   |             |
|    fps                  | 665         |
|    iterations           | 4           |
|    time_elapsed         | 1           |
|    total_timesteps      | 1024        |
| train/                  |             |
|    approx_kl            | 0.005868512 |
|    clip_fraction        | 0.0141      |
|    clip_range           | 0.2         |
|    entropy_loss         | -9.91       |
|    explained_variance   | -0.00297    |
|    learning_rate        | 0.0003      |
|    loss                 | 131         |
|    n_updates            | 30          |
|    policy_gradient_loss | -0.00895    |
|    std                  | 0.997       |
|    value_loss           | 286         |
-----------------------------------------
------------------------------------------
| rollout/                |              |
|    ep_len_mean          | 50           |
|    ep_rew_mean          | -74.1        |
| time/                   |              |
|    fps                  | 662          |
|    iterations           | 5            |
|    time_elapsed         | 1            |
|    total_timesteps      | 1280         |
| train/                  |              |
|    approx_kl            | 0.0063084713 |
|    clip_fraction        | 0.0191       |
|    clip_range           | 0.2          |
|    entropy_loss         | -9.91        |
|    explained_variance   | -0.0109      |
|    learning_rate        | 0.0003       |
|    loss                 | 135          |
|    n_updates            | 40           |
|    policy_gradient_loss | -0.00888     |
|    std                  | 0.996        |
|    value_loss           | 289          |
------------------------------------------
------------------------------------------
| rollout/                |              |
|    ep_len_mean          | 50           |
|    ep_rew_mean          | -73.9        |
| time/                   |              |
|    fps                  | 662          |
|    iterations           | 6            |
|    time_elapsed         | 2            |
|    total_timesteps      | 1536         |
| train/                  |              |
|    approx_kl            | 0.0019298871 |
|    clip_fraction        | 0            |
|    clip_range           | 0.2          |
|    entropy_loss         | -9.9         |
|    explained_variance   | -0.00621     |
|    learning_rate        | 0.0003       |
|    loss                 | 107          |
|    n_updates            | 50           |
|    policy_gradient_loss | -0.00561     |
|    std                  | 0.994        |
|    value_loss           | 249          |
------------------------------------------
------------------------------------------
| rollout/                |              |
|    ep_len_mean          | 50           |
|    ep_rew_mean          | -73.7        |
| time/                   |              |
|    fps                  | 661          |
|    iterations           | 7            |
|    time_elapsed         | 2            |
|    total_timesteps      | 1792         |
| train/                  |              |
|    approx_kl            | 0.0036963832 |
|    clip_fraction        | 0.00391      |
|    clip_range           | 0.2          |
|    entropy_loss         | -9.89        |
|    explained_variance   | -0.0606      |
|    learning_rate        | 0.0003       |
|    loss                 | 101          |
|    n_updates            | 60           |
|    policy_gradient_loss | -0.00683     |
|    std                  | 0.993        |
|    value_loss           | 225          |
------------------------------------------
------------------------------------------
| rollout/                |              |
|    ep_len_mean          | 50           |
|    ep_rew_mean          | -73.1        |
| time/                   |              |
|    fps                  | 661          |
|    iterations           | 8            |
|    time_elapsed         | 3            |
|    total_timesteps      | 2048         |
| train/                  |              |
|    approx_kl            | 0.0040307646 |
|    clip_fraction        | 0.00313      |
|    clip_range           | 0.2          |
|    entropy_loss         | -9.88        |
|    explained_variance   | -0.107       |
|    learning_rate        | 0.0003       |
|    loss                 | 95.8         |
|    n_updates            | 70           |
|    policy_gradient_loss | -0.00748     |
|    std                  | 0.993        |
|    value_loss           | 238          |
------------------------------------------
------------------------------------------
| rollout/                |              |
|    ep_len_mean          | 50           |
|    ep_rew_mean          | -72.6        |
| time/                   |              |
|    fps                  | 662          |
|    iterations           | 9            |
|    time_elapsed         | 3            |
|    total_timesteps      | 2304         |
| train/                  |              |
|    approx_kl            | 0.0069269584 |
|    clip_fraction        | 0.0187       |
|    clip_range           | 0.2          |
|    entropy_loss         | -9.88        |
|    explained_variance   | -0.136       |
|    learning_rate        | 0.0003       |
|    loss                 | 64.4         |
|    n_updates            | 80           |
|    policy_gradient_loss | -0.0127      |
|    std                  | 0.993        |
|    value_loss           | 182          |
------------------------------------------
-----------------------------------------
| rollout/                |             |
|    ep_len_mean          | 50          |
|    ep_rew_mean          | -72.4       |
| time/                   |             |
|    fps                  | 662         |
|    iterations           | 10          |
|    time_elapsed         | 3           |
|    total_timesteps      | 2560        |
| train/                  |             |
|    approx_kl            | 0.010036269 |
|    clip_fraction        | 0.0414      |
|    clip_range           | 0.2         |
|    entropy_loss         | -9.88       |
|    explained_variance   | -0.0753     |
|    learning_rate        | 0.0003      |
|    loss                 | 47.3        |
|    n_updates            | 90          |
|    policy_gradient_loss | -0.016      |
|    std                  | 0.992       |
|    value_loss           | 157         |
-----------------------------------------
-----------------------------------------
| rollout/                |             |
|    ep_len_mean          | 50          |
|    ep_rew_mean          | -72.3       |
| time/                   |             |
|    fps                  | 662         |
|    iterations           | 11          |
|    time_elapsed         | 4           |
|    total_timesteps      | 2816        |
| train/                  |             |
|    approx_kl            | 0.002703953 |
|    clip_fraction        | 0.00117     |
|    clip_range           | 0.2         |
|    entropy_loss         | -9.87       |
|    explained_variance   | -0.181      |
|    learning_rate        | 0.0003      |
|    loss                 | 53.6        |
|    n_updates            | 100         |
|    policy_gradient_loss | -0.00568    |
|    std                  | 0.991       |
|    value_loss           | 168         |
-----------------------------------------
-----------------------------------------
| rollout/                |             |
|    ep_len_mean          | 50          |
|    ep_rew_mean          | -72.5       |
| time/                   |             |
|    fps                  | 661         |
|    iterations           | 12          |
|    time_elapsed         | 4           |
|    total_timesteps      | 3072        |
| train/                  |             |
|    approx_kl            | 0.011800154 |
|    clip_fraction        | 0.0492      |
|    clip_range           | 0.2         |
|    entropy_loss         | -9.86       |
|    explained_variance   | -0.401      |
|    learning_rate        | 0.0003      |
|    loss                 | 43.4        |
|    n_updates            | 110         |
|    policy_gradient_loss | -0.0207     |
|    std                  | 0.99        |
|    value_loss           | 141         |
-----------------------------------------
Unknown tag "material" in /robot[@name='panda']/link[@name='panda_link0']/collision[1]
Unknown tag "material" in /robot[@name='panda']/link[@name='panda_link1']/collision[1]
Unknown tag "material" in /robot[@name='panda']/link[@name='panda_link2']/collision[1]
Unknown tag "material" in /robot[@name='panda']/link[@name='panda_link4']/collision[1]
Unknown tag "material" in /robot[@name='panda']/link[@name='panda_link5']/collision[1]
Unknown tag "material" in /robot[@name='panda']/link[@name='panda_link6']/collision[1]
Unknown tag "material" in /robot[@name='panda']/link[@name='panda_link7']/collision[1]
Unknown tag "material" in /robot[@name='panda']/link[@name='panda_hand']/collision[1]
Unknown tag "material" in /robot[@name='panda']/link[@name='panda_leftfinger']/collision[1]
Unknown tag "contact" in /robot[@name='panda']/link[@name='panda_leftfinger']
Unknown tag "material" in /robot[@name='panda']/link[@name='panda_rightfinger']/collision[1]
Unknown tag "contact" in /robot[@name='panda']/link[@name='panda_rightfinger']
Unknown tag "material" in /robot[@name='panda']/link[@name='panda_link0']/collision[1]
Unknown tag "material" in /robot[@name='panda']/link[@name='panda_link1']/collision[1]
Unknown tag "material" in /robot[@name='panda']/link[@name='panda_link2']/collision[1]
Unknown tag "material" in /robot[@name='panda']/link[@name='panda_link4']/collision[1]
Unknown tag "material" in /robot[@name='panda']/link[@name='panda_link5']/collision[1]
Unknown tag "material" in /robot[@name='panda']/link[@name='panda_link6']/collision[1]
Unknown tag "material" in /robot[@name='panda']/link[@name='panda_link7']/collision[1]
Unknown tag "material" in /robot[@name='panda']/link[@name='panda_hand']/collision[1]
Unknown tag "material" in /robot[@name='panda']/link[@name='panda_leftfinger']/collision[1]
Unknown tag "contact" in /robot[@name='panda']/link[@name='panda_leftfinger']
Unknown tag "material" in /robot[@name='panda']/link[@name='panda_rightfinger']/collision[1]
Unknown tag "contact" in /robot[@name='panda']/link[@name='panda_rightfinger']
Unknown tag "material" in /robot[@name='panda']/link[@name='panda_link0']/collision[1]
Unknown tag "material" in /robot[@name='panda']/link[@name='panda_link1']/collision[1]
Unknown tag "material" in /robot[@name='panda']/link[@name='panda_link2']/collision[1]
Unknown tag "material" in /robot[@name='panda']/link[@name='panda_link4']/collision[1]
Unknown tag "material" in /robot[@name='panda']/link[@name='panda_link5']/collision[1]
Unknown tag "material" in /robot[@name='panda']/link[@name='panda_link6']/collision[1]
Unknown tag "material" in /robot[@name='panda']/link[@name='panda_link7']/collision[1]
Unknown tag "material" in /robot[@name='panda']/link[@name='panda_hand']/collision[1]
Unknown tag "material" in /robot[@name='panda']/link[@name='panda_leftfinger']/collision[1]
Unknown tag "contact" in /robot[@name='panda']/link[@name='panda_leftfinger']
Unknown tag "material" in /robot[@name='panda']/link[@name='panda_rightfinger']/collision[1]
Unknown tag "contact" in /robot[@name='panda']/link[@name='panda_rightfinger']
Unknown tag "material" in /robot[@name='panda']/link[@name='panda_link0']/collision[1]
Unknown tag "material" in /robot[@name='panda']/link[@name='panda_link1']/collision[1]
Unknown tag "material" in /robot[@name='panda']/link[@name='panda_link2']/collision[1]
Unknown tag "material" in /robot[@name='panda']/link[@name='panda_link4']/collision[1]
Unknown tag "material" in /robot[@name='panda']/link[@name='panda_link5']/collision[1]
Unknown tag "material" in /robot[@name='panda']/link[@name='panda_link6']/collision[1]
Unknown tag "material" in /robot[@name='panda']/link[@name='panda_link7']/collision[1]
Unknown tag "material" in /robot[@name='panda']/link[@name='panda_hand']/collision[1]
Unknown tag "material" in /robot[@name='panda']/link[@name='panda_leftfinger']/collision[1]
Unknown tag "contact" in /robot[@name='panda']/link[@name='panda_leftfinger']
Unknown tag "material" in /robot[@name='panda']/link[@name='panda_rightfinger']/collision[1]
Unknown tag "contact" in /robot[@name='panda']/link[@name='panda_rightfinger']
/kuacc/users/tbal21/.conda/envs/stableBaselines/lib/python3.8/site-packages/stable_baselines3/common/policies.py:458: UserWarning: As shared layers in the mlp_extractor are deprecated and will be removed in SB3 v1.8.0, you should now pass directly a dictionary and not a list (net_arch=dict(pi=..., vf=...) instead of net_arch=[dict(pi=..., vf=...)])
  warnings.warn(
Unknown tag "material" in /robot[@name='panda']/link[@name='panda_link0']/collision[1]
Unknown tag "material" in /robot[@name='panda']/link[@name='panda_link1']/collision[1]
Unknown tag "material" in /robot[@name='panda']/link[@name='panda_link2']/collision[1]
Unknown tag "material" in /robot[@name='panda']/link[@name='panda_link4']/collision[1]
Unknown tag "material" in /robot[@name='panda']/link[@name='panda_link5']/collision[1]
Unknown tag "material" in /robot[@name='panda']/link[@name='panda_link6']/collision[1]
Unknown tag "material" in /robot[@name='panda']/link[@name='panda_link7']/collision[1]
Unknown tag "material" in /robot[@name='panda']/link[@name='panda_hand']/collision[1]
Unknown tag "material" in /robot[@name='panda']/link[@name='panda_leftfinger']/collision[1]
Unknown tag "contact" in /robot[@name='panda']/link[@name='panda_leftfinger']
Unknown tag "material" in /robot[@name='panda']/link[@name='panda_rightfinger']/collision[1]
Unknown tag "contact" in /robot[@name='panda']/link[@name='panda_rightfinger']
Unknown tag "material" in /robot[@name='panda']/link[@name='panda_link0']/collision[1]
Unknown tag "material" in /robot[@name='panda']/link[@name='panda_link1']/collision[1]
Unknown tag "material" in /robot[@name='panda']/link[@name='panda_link2']/collision[1]
Unknown tag "material" in /robot[@name='panda']/link[@name='panda_link4']/collision[1]
Unknown tag "material" in /robot[@name='panda']/link[@name='panda_link5']/collision[1]
Unknown tag "material" in /robot[@name='panda']/link[@name='panda_link6']/collision[1]
Unknown tag "material" in /robot[@name='panda']/link[@name='panda_link7']/collision[1]
Unknown tag "material" in /robot[@name='panda']/link[@name='panda_hand']/collision[1]
Unknown tag "material" in /robot[@name='panda']/link[@name='panda_leftfinger']/collision[1]
Unknown tag "contact" in /robot[@name='panda']/link[@name='panda_leftfinger']
Unknown tag "material" in /robot[@name='panda']/link[@name='panda_rightfinger']/collision[1]
Unknown tag "contact" in /robot[@name='panda']/link[@name='panda_rightfinger']
Total time: 4.968847274780273
The root link panda_link0 has an inertia specified in the URDF, but KDL does not support a root link with an inertia.  As a workaround, you can add an extra dummy link to your URDF.
The root link panda_link0 has an inertia specified in the URDF, but KDL does not support a root link with an inertia.  As a workaround, you can add an extra dummy link to your URDF.
Wrapping the env with a `Monitor` wrapper
Wrapping the env in a DummyVecEnv.
step: 0
RMSE: 0.6990371979869627
MAE: 0.6990371942520142
Success Rate 1 cm: 0.0
Success Rate 5 cm: 0.0
Average joint velocities: 0.5127192139625549
DONE!!!
argv[0]=--background_color_red=0.8745098039215686
argv[1]=
argv[2]=
argv[3]=
argv[4]=
argv[5]=
argv[6]=
argv[7]=
argv[8]=
argv[9]=
argv[10]=
argv[11]=
argv[12]=
argv[13]=
argv[14]=
argv[15]=
argv[16]=
argv[17]=
argv[18]=
argv[19]=
argv[20]=
argv[21]=--background_color_green=0.21176470588235294
argv[22]=
argv[23]=
argv[24]=
argv[25]=
argv[26]=
argv[27]=
argv[28]=
argv[29]=
argv[30]=
argv[31]=
argv[32]=
argv[33]=
argv[34]=
argv[35]=
argv[36]=
argv[37]=
argv[38]=
argv[39]=
argv[40]=
argv[41]=
argv[42]=--background_color_blue=0.17647058823529413
argv[0]=--background_color_red=0.8745098039215686
argv[1]=
argv[2]=
argv[3]=
argv[4]=
argv[5]=
argv[6]=
argv[7]=
argv[8]=
argv[9]=
argv[10]=
argv[11]=
argv[12]=
argv[13]=
argv[14]=
argv[15]=
argv[16]=
argv[17]=
argv[18]=
argv[19]=
argv[20]=
argv[21]=--background_color_green=0.21176470588235294
argv[22]=
argv[23]=
argv[24]=
argv[25]=
argv[26]=
argv[27]=
argv[28]=
argv[29]=
argv[30]=
argv[31]=
argv[32]=
argv[33]=
argv[34]=
argv[35]=
argv[36]=
argv[37]=
argv[38]=
argv[39]=
argv[40]=
argv[41]=
argv[42]=--background_color_blue=0.17647058823529413
argv[0]=--background_color_red=0.8745098039215686
argv[1]=
argv[2]=
argv[3]=
argv[4]=
argv[5]=
argv[6]=
argv[7]=
argv[8]=
argv[9]=
argv[10]=
argv[11]=
argv[12]=
argv[13]=
argv[14]=
argv[15]=
argv[16]=
argv[17]=
argv[18]=
argv[19]=
argv[20]=
argv[21]=--background_color_green=0.21176470588235294
argv[22]=
argv[23]=
argv[24]=
argv[25]=
argv[26]=
argv[27]=
argv[28]=
argv[29]=
argv[30]=
argv[31]=
argv[32]=
argv[33]=
argv[34]=
argv[35]=
argv[36]=
argv[37]=
argv[38]=
argv[39]=
argv[40]=
argv[41]=
argv[42]=--background_color_blue=0.17647058823529413
Running G++ compiler...
Running compiled binary...
Unknown tag "material" in /robot[@name='panda']/link[@name='panda_link0']/collision[1]
Unknown tag "material" in /robot[@name='panda']/link[@name='panda_link1']/collision[1]
Unknown tag "material" in /robot[@name='panda']/link[@name='panda_link2']/collision[1]
Unknown tag "material" in /robot[@name='panda']/link[@name='panda_link4']/collision[1]
Unknown tag "material" in /robot[@name='panda']/link[@name='panda_link5']/collision[1]
Unknown tag "material" in /robot[@name='panda']/link[@name='panda_link6']/collision[1]
Unknown tag "material" in /robot[@name='panda']/link[@name='panda_link7']/collision[1]
Unknown tag "material" in /robot[@name='panda']/link[@name='panda_hand']/collision[1]
Unknown tag "material" in /robot[@name='panda']/link[@name='panda_leftfinger']/collision[1]
Unknown tag "contact" in /robot[@name='panda']/link[@name='panda_leftfinger']
Unknown tag "material" in /robot[@name='panda']/link[@name='panda_rightfinger']/collision[1]
Unknown tag "contact" in /robot[@name='panda']/link[@name='panda_rightfinger']
Unknown tag "material" in /robot[@name='panda']/link[@name='panda_link0']/collision[1]
Unknown tag "material" in /robot[@name='panda']/link[@name='panda_link1']/collision[1]
Unknown tag "material" in /robot[@name='panda']/link[@name='panda_link2']/collision[1]
Unknown tag "material" in /robot[@name='panda']/link[@name='panda_link4']/collision[1]
Unknown tag "material" in /robot[@name='panda']/link[@name='panda_link5']/collision[1]
Unknown tag "material" in /robot[@name='panda']/link[@name='panda_link6']/collision[1]
Unknown tag "material" in /robot[@name='panda']/link[@name='panda_link7']/collision[1]
Unknown tag "material" in /robot[@name='panda']/link[@name='panda_hand']/collision[1]
Unknown tag "material" in /robot[@name='panda']/link[@name='panda_leftfinger']/collision[1]
Unknown tag "contact" in /robot[@name='panda']/link[@name='panda_leftfinger']
Unknown tag "material" in /robot[@name='panda']/link[@name='panda_rightfinger']/collision[1]
Unknown tag "contact" in /robot[@name='panda']/link[@name='panda_rightfinger']
Unknown tag "material" in /robot[@name='panda']/link[@name='panda_link0']/collision[1]
Unknown tag "material" in /robot[@name='panda']/link[@name='panda_link1']/collision[1]
Unknown tag "material" in /robot[@name='panda']/link[@name='panda_link2']/collision[1]
Unknown tag "material" in /robot[@name='panda']/link[@name='panda_link4']/collision[1]
Unknown tag "material" in /robot[@name='panda']/link[@name='panda_link5']/collision[1]
Unknown tag "material" in /robot[@name='panda']/link[@name='panda_link6']/collision[1]
Unknown tag "material" in /robot[@name='panda']/link[@name='panda_link7']/collision[1]
Unknown tag "material" in /robot[@name='panda']/link[@name='panda_hand']/collision[1]
Unknown tag "material" in /robot[@name='panda']/link[@name='panda_leftfinger']/collision[1]
Unknown tag "contact" in /robot[@name='panda']/link[@name='panda_leftfinger']
Unknown tag "material" in /robot[@name='panda']/link[@name='panda_rightfinger']/collision[1]
Unknown tag "contact" in /robot[@name='panda']/link[@name='panda_rightfinger']
Unknown tag "material" in /robot[@name='panda']/link[@name='panda_link0']/collision[1]
Unknown tag "material" in /robot[@name='panda']/link[@name='panda_link1']/collision[1]
Unknown tag "material" in /robot[@name='panda']/link[@name='panda_link2']/collision[1]
Unknown tag "material" in /robot[@name='panda']/link[@name='panda_link4']/collision[1]
Unknown tag "material" in /robot[@name='panda']/link[@name='panda_link5']/collision[1]
Unknown tag "material" in /robot[@name='panda']/link[@name='panda_link6']/collision[1]
Unknown tag "material" in /robot[@name='panda']/link[@name='panda_link7']/collision[1]
Unknown tag "material" in /robot[@name='panda']/link[@name='panda_hand']/collision[1]
Unknown tag "material" in /robot[@name='panda']/link[@name='panda_leftfinger']/collision[1]
Unknown tag "contact" in /robot[@name='panda']/link[@name='panda_leftfinger']
Unknown tag "material" in /robot[@name='panda']/link[@name='panda_rightfinger']/collision[1]
Unknown tag "contact" in /robot[@name='panda']/link[@name='panda_rightfinger']
/kuacc/users/tbal21/.conda/envs/stableBaselines/lib/python3.8/site-packages/stable_baselines3/common/policies.py:458: UserWarning: As shared layers in the mlp_extractor are deprecated and will be removed in SB3 v1.8.0, you should now pass directly a dictionary and not a list (net_arch=dict(pi=..., vf=...) instead of net_arch=[dict(pi=..., vf=...)])
  warnings.warn(
Unknown tag "material" in /robot[@name='panda']/link[@name='panda_link0']/collision[1]
Unknown tag "material" in /robot[@name='panda']/link[@name='panda_link1']/collision[1]
Unknown tag "material" in /robot[@name='panda']/link[@name='panda_link2']/collision[1]
Unknown tag "material" in /robot[@name='panda']/link[@name='panda_link4']/collision[1]
Unknown tag "material" in /robot[@name='panda']/link[@name='panda_link5']/collision[1]
Unknown tag "material" in /robot[@name='panda']/link[@name='panda_link6']/collision[1]
Unknown tag "material" in /robot[@name='panda']/link[@name='panda_link7']/collision[1]
Unknown tag "material" in /robot[@name='panda']/link[@name='panda_hand']/collision[1]
Unknown tag "material" in /robot[@name='panda']/link[@name='panda_leftfinger']/collision[1]
Unknown tag "contact" in /robot[@name='panda']/link[@name='panda_leftfinger']
Unknown tag "material" in /robot[@name='panda']/link[@name='panda_rightfinger']/collision[1]
Unknown tag "contact" in /robot[@name='panda']/link[@name='panda_rightfinger']
Unknown tag "material" in /robot[@name='panda']/link[@name='panda_link0']/collision[1]
Unknown tag "material" in /robot[@name='panda']/link[@name='panda_link1']/collision[1]
Unknown tag "material" in /robot[@name='panda']/link[@name='panda_link2']/collision[1]
Unknown tag "material" in /robot[@name='panda']/link[@name='panda_link4']/collision[1]
Unknown tag "material" in /robot[@name='panda']/link[@name='panda_link5']/collision[1]
Unknown tag "material" in /robot[@name='panda']/link[@name='panda_link6']/collision[1]
Unknown tag "material" in /robot[@name='panda']/link[@name='panda_link7']/collision[1]
Unknown tag "material" in /robot[@name='panda']/link[@name='panda_hand']/collision[1]
Unknown tag "material" in /robot[@name='panda']/link[@name='panda_leftfinger']/collision[1]
Unknown tag "contact" in /robot[@name='panda']/link[@name='panda_leftfinger']
Unknown tag "material" in /robot[@name='panda']/link[@name='panda_rightfinger']/collision[1]
Unknown tag "contact" in /robot[@name='panda']/link[@name='panda_rightfinger']
Total time: 4.728552579879761
The root link panda_link0 has an inertia specified in the URDF, but KDL does not support a root link with an inertia.  As a workaround, you can add an extra dummy link to your URDF.
The root link panda_link0 has an inertia specified in the URDF, but KDL does not support a root link with an inertia.  As a workaround, you can add an extra dummy link to your URDF.
Wrapping the env with a `Monitor` wrapper
Wrapping the env in a DummyVecEnv.
step: 0
RMSE: 0.7945651066861183
MAE: 0.7945650815963745
Success Rate 1 cm: 0.0
Success Rate 5 cm: 0.0
Average joint velocities: 0.9608957171440125
DONE!!!
argv[0]=--background_color_red=0.8745098039215686
argv[1]=
argv[2]=
argv[3]=
argv[4]=
argv[5]=
argv[6]=
argv[7]=
argv[8]=
argv[9]=
argv[10]=
argv[11]=
argv[12]=
argv[13]=
argv[14]=
argv[15]=
argv[16]=
argv[17]=
argv[18]=
argv[19]=
argv[20]=
argv[21]=--background_color_green=0.21176470588235294
argv[22]=
argv[23]=
argv[24]=
argv[25]=
argv[26]=
argv[27]=
argv[28]=
argv[29]=
argv[30]=
argv[31]=
argv[32]=
argv[33]=
argv[34]=
argv[35]=
argv[36]=
argv[37]=
argv[38]=
argv[39]=
argv[40]=
argv[41]=
argv[42]=--background_color_blue=0.17647058823529413
argv[0]=--background_color_red=0.8745098039215686
argv[1]=
argv[2]=
argv[3]=
argv[4]=
argv[5]=
argv[6]=
argv[7]=
argv[8]=
argv[9]=
argv[10]=
argv[11]=
argv[12]=
argv[13]=
argv[14]=
argv[15]=
argv[16]=
argv[17]=
argv[18]=
argv[19]=
argv[20]=
argv[21]=--background_color_green=0.21176470588235294
argv[22]=
argv[23]=
argv[24]=
argv[25]=
argv[26]=
argv[27]=
argv[28]=
argv[29]=
argv[30]=
argv[31]=
argv[32]=
argv[33]=
argv[34]=
argv[35]=
argv[36]=
argv[37]=
argv[38]=
argv[39]=
argv[40]=
argv[41]=
argv[42]=--background_color_blue=0.17647058823529413
argv[0]=--background_color_red=0.8745098039215686
argv[1]=
argv[2]=
argv[3]=
argv[4]=
argv[5]=
argv[6]=
argv[7]=
argv[8]=
argv[9]=
argv[10]=
argv[11]=
argv[12]=
argv[13]=
argv[14]=
argv[15]=
argv[16]=
argv[17]=
argv[18]=
argv[19]=
argv[20]=
argv[21]=--background_color_green=0.21176470588235294
argv[22]=
argv[23]=
argv[24]=
argv[25]=
argv[26]=
argv[27]=
argv[28]=
argv[29]=
argv[30]=
argv[31]=
argv[32]=
argv[33]=
argv[34]=
argv[35]=
argv[36]=
argv[37]=
argv[38]=
argv[39]=
argv[40]=
argv[41]=
argv[42]=--background_color_blue=0.17647058823529413
Running G++ compiler...
Running compiled binary...
